Operating system: Microsoft Windows NT 6.2.9200.0
Opening INI file "C:\Users\Administrator\Documents\GitHub\Sonic-2-Nick-Arcade-Split-Disassembly\Sonic 2 Nick Arcade INIs\SonLVL.ini"...
Game type is S2NA.
Loading Emerald Hill Zone Act 1...
Loading palette file "../palettes/SonicandTails.bin"...
Source: 0 Destination: 0 Length: 16
Loading 16x16 blocks from file "../Lvl_maps/blocks/ehz.bin", using compression Uncompressed...
Loading palette file "../palettes/ehz.bin"...
Source: 0 Destination: 16 Length: 48
Loading 128x128 chunks from file "../Lvl_maps/chunks/ehz.bin", using compression Uncompressed...
Loading 8x8 tiles from file "../Art/levelTiles/ehz.bin", using compression Nemesis...
Loading FG layout from file "../layouts/levlay/ehz1.bin", using compression Uncompressed...
Loading BG layout from file "../layouts/levlay/ehzbg.bin", using compression Uncompressed...
Loading FG layout from file "../layouts/levlay/ehz2.bin", using compression Uncompressed...
Loading FG layout from file "../layouts/levlay/htz1.bin", using compression Uncompressed...
Loading BG layout from file "../layouts/levlay/htzbg.bin", using compression Uncompressed...
Loading FG layout from file "../layouts/levlay/htz2.bin", using compression Uncompressed...
Loading object definition file "obj.ini".
Loading object definition file "obj.ini".
Loading ObjectDefinition type S2ObjectDefinitions.Common.PathSwapper from "Common\PathSwapper.cs"...
Compiling code file...
Compile succeeded.
Loading objects from file "../layouts/objects/ehz1.bin", using compression Uncompressed...
Loading rings from file "../layouts/rings/ehz1.bin", using compression Uncompressed...
Drawing block bitmaps...
Drawing chunk bitmaps...
Level loaded in 0.3532644 second(s).
Load completed.
Loading Chemical Plant Zone Act 1...
Loading palette file "../palettes/SonicandTails.bin"...
Source: 0 Destination: 0 Length: 16
Loading palette file "../palettes/cpz.bin"...
Source: 0 Destination: 16 Length: 48
Loading 16x16 blocks from file "../Lvl_maps/blocks/cpz.bin", using compression Uncompressed...
Loading FG layout from file "../layouts/levlay/cpz1.bin", using compression Uncompressed...
Loading 8x8 tiles from file "../Art/levelTiles/cpz.bin", using compression Nemesis...
Loading 128x128 chunks from file "../Lvl_maps/chunks/cpz.bin", using compression Uncompressed...
Loading BG layout from file "../layouts/levlay/cpzbg.bin", using compression Uncompressed...
Loading object definition file "obj.ini".
Loading object definition file "obj.ini".
Loading ObjectDefinition type S2ObjectDefinitions.Common.PathSwapper from "Common\PathSwapper.cs"...
Loading type from cached assembly "dllcache\S2ObjectDefinitions.Common.PathSwapper.dll"...
Loading rings from file "../layouts/rings/cpz1.bin", using compression Uncompressed...
Loading objects from file "../layouts/objects/cpz1.bin", using compression Uncompressed...
Drawing block bitmaps...
Drawing chunk bitmaps...
Level loaded in 0.1129175 second(s).
Load completed.
Loading Emerald Hill Zone Act 1...
Loading 16x16 blocks from file "../Lvl_maps/blocks/ehz.bin", using compression Uncompressed...
Loading 8x8 tiles from file "../Art/levelTiles/ehz.bin", using compression Nemesis...
Loading palette file "../palettes/SonicandTails.bin"...
Source: 0 Destination: 0 Length: 16
Loading 128x128 chunks from file "../Lvl_maps/chunks/ehz.bin", using compression Uncompressed...
Loading FG layout from file "../layouts/levlay/ehz1.bin", using compression Uncompressed...
Loading palette file "../palettes/ehz.bin"...
Source: 0 Destination: 16 Length: 48
Loading BG layout from file "../layouts/levlay/ehzbg.bin", using compression Uncompressed...
Loading FG layout from file "../layouts/levlay/ehz2.bin", using compression Uncompressed...
Loading FG layout from file "../layouts/levlay/htz1.bin", using compression Uncompressed...
Loading BG layout from file "../layouts/levlay/htzbg.bin", using compression Uncompressed...
Loading FG layout from file "../layouts/levlay/htz2.bin", using compression Uncompressed...
Loading object definition file "obj.ini".
Loading object definition file "obj.ini".
Loading ObjectDefinition type S2ObjectDefinitions.Common.PathSwapper from "Common\PathSwapper.cs"...
Loading type from cached assembly "dllcache\S2ObjectDefinitions.Common.PathSwapper.dll"...
Unable to read file "../art/nemesis/Sonic lives counter.bin" with compression Nemesis:
System.AggregateException: One or more errors occurred. ---> System.IO.DirectoryNotFoundException: Could not find a part of the path 'C:\Users\Administrator\Documents\GitHub\Sonic-2-Nick-Arcade-Split-Disassembly\art\nemesis\Sonic lives counter.bin'.
   at System.IO.__Error.WinIOError(Int32 errorCode, String maybeFullPath)
   at System.IO.FileStream.Init(String path, FileMode mode, FileAccess access, Int32 rights, Boolean useRights, FileShare share, Int32 bufferSize, FileOptions options, SECURITY_ATTRIBUTES secAttrs, String msgPath, Boolean bFromProxy, Boolean useLongPath, Boolean checkHost)
   at System.IO.FileStream..ctor(String path, FileMode mode, FileAccess access, FileShare share)
   at SonicRetro.KensSharp.Nemesis.Decompress(String sourceFilePath)
   at SonicRetro.SonLVL.API.Compression.Decompress(String file, CompressionType cmp) in E:\Programs\SonLVL\SonLVLAPI\Compression.cs:line 51
   at SonicRetro.SonLVL.API.LevelData.ReadFile(String file, CompressionType cmp) in E:\Programs\SonLVL\SonLVLAPI\LevelData.cs:line 1638
   at SonicRetro.SonLVL.API.XMLObjectDefinition.Init(ObjectData data) in E:\Programs\SonLVL\SonLVLAPI\ObjectDefinition.cs:line 705
   at SonicRetro.SonLVL.API.LevelData.<>c__DisplayClass102_0.<InitObjectDefinitions>b__0(KeyValuePair`2 group) in E:\Programs\SonLVL\SonLVLAPI\LevelData.cs:line 1578
   at System.Threading.Tasks.Parallel.<>c__DisplayClass42_0`2.<PartitionerForEachWorker>b__1()
   at System.Threading.Tasks.Task.InnerInvoke()
   at System.Threading.Tasks.Task.InnerInvokeWithArg(Task childTask)
   at System.Threading.Tasks.Task.<>c__DisplayClass176_0.<ExecuteSelfReplicating>b__0(Object <p0>)
   --- End of inner exception stack trace ---
   at System.Threading.Tasks.Task.ThrowIfExceptional(Boolean includeTaskCanceledExceptions)
   at System.Threading.Tasks.Task.Wait(Int32 millisecondsTimeout, CancellationToken cancellationToken)
   at System.Threading.Tasks.Task.Wait()
   at System.Threading.Tasks.Parallel.PartitionerForEachWorker[TSource,TLocal](Partitioner`1 source, ParallelOptions parallelOptions, Action`1 simpleBody, Action`2 bodyWithState, Action`3 bodyWithStateAndIndex, Func`4 bodyWithStateAndLocal, Func`5 bodyWithEverything, Func`1 localInit, Action`1 localFinally)
   at System.Threading.Tasks.Parallel.ForEachWorker[TSource,TLocal](IEnumerable`1 source, ParallelOptions parallelOptions, Action`1 body, Action`2 bodyWithState, Action`3 bodyWithStateAndIndex, Func`4 bodyWithStateAndLocal, Func`5 bodyWithEverything, Func`1 localInit, Action`1 localFinally)
   at System.Threading.Tasks.Parallel.ForEach[TSource](IEnumerable`1 source, Action`1 body)
   at SonicRetro.SonLVL.API.LevelData.InitObjectDefinitions() in E:\Programs\SonLVL\SonLVLAPI\LevelData.cs:line 1505
   at SonicRetro.SonLVL.API.LevelData.LoadLevel(String levelname, Boolean loadGraphics) in E:\Programs\SonLVL\SonLVLAPI\LevelData.cs:line 319
   at SonicRetro.SonLVL.GUI.MainForm.backgroundLevelLoader_DoWork(Object sender, DoWorkEventArgs e) in E:\Programs\SonLVL\SonLVL\MainForm.cs:line 574
---> (Inner Exception #0) System.IO.DirectoryNotFoundException: Could not find a part of the path 'C:\Users\Administrator\Documents\GitHub\Sonic-2-Nick-Arcade-Split-Disassembly\art\nemesis\Sonic lives counter.bin'.
   at System.IO.__Error.WinIOError(Int32 errorCode, String maybeFullPath)
   at System.IO.FileStream.Init(String path, FileMode mode, FileAccess access, Int32 rights, Boolean useRights, FileShare share, Int32 bufferSize, FileOptions options, SECURITY_ATTRIBUTES secAttrs, String msgPath, Boolean bFromProxy, Boolean useLongPath, Boolean checkHost)
   at System.IO.FileStream..ctor(String path, FileMode mode, FileAccess access, FileShare share)
   at SonicRetro.KensSharp.Nemesis.Decompress(String sourceFilePath)
   at SonicRetro.SonLVL.API.Compression.Decompress(String file, CompressionType cmp) in E:\Programs\SonLVL\SonLVLAPI\Compression.cs:line 51
   at SonicRetro.SonLVL.API.LevelData.ReadFile(String file, CompressionType cmp) in E:\Programs\SonLVL\SonLVLAPI\LevelData.cs:line 1638
   at SonicRetro.SonLVL.API.XMLObjectDefinition.Init(ObjectData data) in E:\Programs\SonLVL\SonLVLAPI\ObjectDefinition.cs:line 705
   at SonicRetro.SonLVL.API.LevelData.<>c__DisplayClass102_0.<InitObjectDefinitions>b__0(KeyValuePair`2 group) in E:\Programs\SonLVL\SonLVLAPI\LevelData.cs:line 1578
   at System.Threading.Tasks.Parallel.<>c__DisplayClass42_0`2.<PartitionerForEachWorker>b__1()
   at System.Threading.Tasks.Task.InnerInvoke()
   at System.Threading.Tasks.Task.InnerInvokeWithArg(Task childTask)
   at System.Threading.Tasks.Task.<>c__DisplayClass176_0.<ExecuteSelfReplicating>b__0(Object <p0>)<---

